2025-05-13 13:20:14,969 - INFO - Adding job tentatively -- it will be properly scheduled when the scheduler starts
2025-05-13 13:20:14,972 - INFO - Added job "scheduled_stock_fetch" to job store "default"
2025-05-13 13:20:14,972 - INFO - Scheduler started
2025-05-13 13:20:14,975 - INFO - [31m[1mWARNING: This is a development server. Do not use it in a production deployment. Use a production WSGI server instead.[0m
 * Running on all addresses (0.0.0.0)
 * Running on http://127.0.0.1:8000
 * Running on http://172.30.0.2:8000
2025-05-13 13:20:14,975 - INFO - [33mPress CTRL+C to quit[0m
2025-05-13 13:20:44,236 - INFO - 127.0.0.1 - - [13/May/2025 13:20:44] "GET /api/hello HTTP/1.1" 200 -
2025-05-13 13:20:47,340 - INFO - 172.30.0.1 - - [13/May/2025 13:20:47] "OPTIONS /api/news HTTP/1.1" 200 -
2025-05-13 13:20:47,342 - INFO - 172.30.0.1 - - [13/May/2025 13:20:47] "GET /api/stocks HTTP/1.1" 200 -
2025-05-13 13:20:49,400 - INFO - 172.30.0.1 - - [13/May/2025 13:20:49] "POST /api/news HTTP/1.1" 200 -
2025-05-13 13:20:53,064 - INFO - 172.30.0.1 - - [13/May/2025 13:20:53] "GET /api/logs/download HTTP/1.1" 200 -
2025-05-13 13:21:06,960 - INFO - 172.30.0.1 - - [13/May/2025 13:21:06] "OPTIONS /api/stocks/add_and_check HTTP/1.1" 200 -
2025-05-13 13:21:07,358 - INFO - 172.30.0.1 - - [13/May/2025 13:21:07] "POST /api/stocks/add_and_check HTTP/1.1" 200 -
2025-05-13 13:21:08,466 - INFO - 172.30.0.1 - - [13/May/2025 13:21:08] "POST /api/stocks/add_and_check HTTP/1.1" 200 -
2025-05-13 13:21:11,196 - INFO - 172.30.0.1 - - [13/May/2025 13:21:11] "POST /api/stocks/add_and_check HTTP/1.1" 200 -
2025-05-13 13:21:12,364 - INFO - 172.30.0.1 - - [13/May/2025 13:21:12] "OPTIONS /api/stocks/recommend HTTP/1.1" 200 -
2025-05-13 13:21:12,451 - INFO - 172.30.0.1 - - [13/May/2025 13:21:12] "POST /api/stocks/recommend HTTP/1.1" 200 -
2025-05-13 13:21:14,433 - INFO - 127.0.0.1 - - [13/May/2025 13:21:14] "GET /api/hello HTTP/1.1" 200 -
2025-05-13 13:21:19,442 - INFO - 172.30.0.1 - - [13/May/2025 13:21:19] "OPTIONS /api/news HTTP/1.1" 200 -
2025-05-13 13:21:22,917 - INFO - 172.30.0.1 - - [13/May/2025 13:21:22] "POST /api/news HTTP/1.1" 200 -
2025-05-13 13:21:24,658 - INFO - 172.30.0.1 - - [13/May/2025 13:21:24] "GET /api/logs/download HTTP/1.1" 200 -
2025-05-13 13:21:44,624 - INFO - 127.0.0.1 - - [13/May/2025 13:21:44] "GET /api/hello HTTP/1.1" 200 -
2025-05-13 13:22:14,822 - INFO - 127.0.0.1 - - [13/May/2025 13:22:14] "GET /api/hello HTTP/1.1" 200 -
2025-05-13 13:22:45,027 - INFO - 127.0.0.1 - - [13/May/2025 13:22:45] "GET /api/hello HTTP/1.1" 200 -
2025-05-13 13:23:15,216 - INFO - 127.0.0.1 - - [13/May/2025 13:23:15] "GET /api/hello HTTP/1.1" 200 -
2025-05-13 13:23:45,408 - INFO - 127.0.0.1 - - [13/May/2025 13:23:45] "GET /api/hello HTTP/1.1" 200 -
2025-05-13 13:24:15,675 - INFO - 127.0.0.1 - - [13/May/2025 13:24:15] "GET /api/hello HTTP/1.1" 200 -
2025-05-13 13:24:45,861 - INFO - 127.0.0.1 - - [13/May/2025 13:24:45] "GET /api/hello HTTP/1.1" 200 -
2025-05-13 13:25:16,069 - INFO - 127.0.0.1 - - [13/May/2025 13:25:16] "GET /api/hello HTTP/1.1" 200 -
2025-05-13 13:25:46,250 - INFO - 127.0.0.1 - - [13/May/2025 13:25:46] "GET /api/hello HTTP/1.1" 200 -
2025-05-13 13:26:16,451 - INFO - 127.0.0.1 - - [13/May/2025 13:26:16] "GET /api/hello HTTP/1.1" 200 -
2025-05-13 13:26:46,632 - INFO - 127.0.0.1 - - [13/May/2025 13:26:46] "GET /api/hello HTTP/1.1" 200 -
2025-05-13 13:27:16,821 - INFO - 127.0.0.1 - - [13/May/2025 13:27:16] "GET /api/hello HTTP/1.1" 200 -
2025-05-13 13:28:43,252 - INFO - Adding job tentatively -- it will be properly scheduled when the scheduler starts
2025-05-13 13:28:43,254 - INFO - Added job "scheduled_stock_fetch" to job store "default"
2025-05-13 13:28:43,254 - INFO - Scheduler started
2025-05-13 13:28:43,258 - INFO - [31m[1mWARNING: This is a development server. Do not use it in a production deployment. Use a production WSGI server instead.[0m
 * Running on all addresses (0.0.0.0)
 * Running on http://127.0.0.1:8000
 * Running on http://172.30.0.2:8000
2025-05-13 13:28:43,258 - INFO - [33mPress CTRL+C to quit[0m
2025-05-13 13:29:12,718 - ERROR - Nezachycen√° v√Ωjimka: name 'g' is not defined
2025-05-13 13:29:12,719 - ERROR - Exception on /api/hello [GET]
Traceback (most recent call last):
  File "/usr/local/lib/python3.9/site-packages/flask/app.py", line 2190, in wsgi_app
    response = self.full_dispatch_request()
  File "/usr/local/lib/python3.9/site-packages/flask/app.py", line 1487, in full_dispatch_request
    return self.finalize_request(rv)
  File "/usr/local/lib/python3.9/site-packages/flask/app.py", line 1508, in finalize_request
    response = self.process_response(response)
  File "/usr/local/lib/python3.9/site-packages/flask/app.py", line 2002, in process_response
    response = self.ensure_sync(func)(response)
  File "/app/app.py", line 96, in log_response
    duration = time.time() - g.start_time
NameError: name 'g' is not defined
2025-05-13 13:29:12,724 - ERROR - Nezachycen√° v√Ωjimka: 500 Internal Server Error: The server encountered an internal error and was unable to complete your request. Either the server is overloaded or there is an error in the application.
2025-05-13 13:29:12,725 - ERROR - Request finalizing failed with an error while handling an error
Traceback (most recent call last):
  File "/usr/local/lib/python3.9/site-packages/flask/app.py", line 2190, in wsgi_app
    response = self.full_dispatch_request()
  File "/usr/local/lib/python3.9/site-packages/flask/app.py", line 1487, in full_dispatch_request
    return self.finalize_request(rv)
  File "/usr/local/lib/python3.9/site-packages/flask/app.py", line 1508, in finalize_request
    response = self.process_response(response)
  File "/usr/local/lib/python3.9/site-packages/flask/app.py", line 2002, in process_response
    response = self.ensure_sync(func)(response)
  File "/app/app.py", line 96, in log_response
    duration = time.time() - g.start_time
NameError: name 'g' is not defined

During handling of the above exception, another exception occurred:

Traceback (most recent call last):
  File "/usr/local/lib/python3.9/site-packages/flask/app.py", line 1508, in finalize_request
    response = self.process_response(response)
  File "/usr/local/lib/python3.9/site-packages/flask/app.py", line 2002, in process_response
    response = self.ensure_sync(func)(response)
  File "/app/app.py", line 96, in log_response
    duration = time.time() - g.start_time
NameError: name 'g' is not defined
2025-05-13 13:29:12,727 - INFO - 127.0.0.1 - - [13/May/2025 13:29:12] "[35m[1mGET /api/hello HTTP/1.1[0m" 500 -
2025-05-13 13:29:42,907 - ERROR - Nezachycen√° v√Ωjimka: name 'g' is not defined
2025-05-13 13:29:42,907 - ERROR - Exception on /api/hello [GET]
Traceback (most recent call last):
  File "/usr/local/lib/python3.9/site-packages/flask/app.py", line 2190, in wsgi_app
    response = self.full_dispatch_request()
  File "/usr/local/lib/python3.9/site-packages/flask/app.py", line 1487, in full_dispatch_request
    return self.finalize_request(rv)
  File "/usr/local/lib/python3.9/site-packages/flask/app.py", line 1508, in finalize_request
    response = self.process_response(response)
  File "/usr/local/lib/python3.9/site-packages/flask/app.py", line 2002, in process_response
    response = self.ensure_sync(func)(response)
  File "/app/app.py", line 96, in log_response
    duration = time.time() - g.start_time
NameError: name 'g' is not defined
2025-05-13 13:29:42,908 - ERROR - Nezachycen√° v√Ωjimka: 500 Internal Server Error: The server encountered an internal error and was unable to complete your request. Either the server is overloaded or there is an error in the application.
2025-05-13 13:29:42,908 - ERROR - Request finalizing failed with an error while handling an error
Traceback (most recent call last):
  File "/usr/local/lib/python3.9/site-packages/flask/app.py", line 2190, in wsgi_app
    response = self.full_dispatch_request()
  File "/usr/local/lib/python3.9/site-packages/flask/app.py", line 1487, in full_dispatch_request
    return self.finalize_request(rv)
  File "/usr/local/lib/python3.9/site-packages/flask/app.py", line 1508, in finalize_request
    response = self.process_response(response)
  File "/usr/local/lib/python3.9/site-packages/flask/app.py", line 2002, in process_response
    response = self.ensure_sync(func)(response)
  File "/app/app.py", line 96, in log_response
    duration = time.time() - g.start_time
NameError: name 'g' is not defined

During handling of the above exception, another exception occurred:

Traceback (most recent call last):
  File "/usr/local/lib/python3.9/site-packages/flask/app.py", line 1508, in finalize_request
    response = self.process_response(response)
  File "/usr/local/lib/python3.9/site-packages/flask/app.py", line 2002, in process_response
    response = self.ensure_sync(func)(response)
  File "/app/app.py", line 96, in log_response
    duration = time.time() - g.start_time
NameError: name 'g' is not defined
2025-05-13 13:29:42,910 - INFO - 127.0.0.1 - - [13/May/2025 13:29:42] "[35m[1mGET /api/hello HTTP/1.1[0m" 500 -
2025-05-13 13:30:13,083 - ERROR - Nezachycen√° v√Ωjimka: name 'g' is not defined
2025-05-13 13:30:13,084 - ERROR - Exception on /api/hello [GET]
Traceback (most recent call last):
  File "/usr/local/lib/python3.9/site-packages/flask/app.py", line 2190, in wsgi_app
    response = self.full_dispatch_request()
  File "/usr/local/lib/python3.9/site-packages/flask/app.py", line 1487, in full_dispatch_request
    return self.finalize_request(rv)
  File "/usr/local/lib/python3.9/site-packages/flask/app.py", line 1508, in finalize_request
    response = self.process_response(response)
  File "/usr/local/lib/python3.9/site-packages/flask/app.py", line 2002, in process_response
    response = self.ensure_sync(func)(response)
  File "/app/app.py", line 96, in log_response
    duration = time.time() - g.start_time
NameError: name 'g' is not defined
2025-05-13 13:30:13,084 - ERROR - Nezachycen√° v√Ωjimka: 500 Internal Server Error: The server encountered an internal error and was unable to complete your request. Either the server is overloaded or there is an error in the application.
2025-05-13 13:30:13,085 - ERROR - Request finalizing failed with an error while handling an error
Traceback (most recent call last):
  File "/usr/local/lib/python3.9/site-packages/flask/app.py", line 2190, in wsgi_app
    response = self.full_dispatch_request()
  File "/usr/local/lib/python3.9/site-packages/flask/app.py", line 1487, in full_dispatch_request
    return self.finalize_request(rv)
  File "/usr/local/lib/python3.9/site-packages/flask/app.py", line 1508, in finalize_request
    response = self.process_response(response)
  File "/usr/local/lib/python3.9/site-packages/flask/app.py", line 2002, in process_response
    response = self.ensure_sync(func)(response)
  File "/app/app.py", line 96, in log_response
    duration = time.time() - g.start_time
NameError: name 'g' is not defined

During handling of the above exception, another exception occurred:

Traceback (most recent call last):
  File "/usr/local/lib/python3.9/site-packages/flask/app.py", line 1508, in finalize_request
    response = self.process_response(response)
  File "/usr/local/lib/python3.9/site-packages/flask/app.py", line 2002, in process_response
    response = self.ensure_sync(func)(response)
  File "/app/app.py", line 96, in log_response
    duration = time.time() - g.start_time
NameError: name 'g' is not defined
2025-05-13 13:30:13,086 - INFO - 127.0.0.1 - - [13/May/2025 13:30:13] "[35m[1mGET /api/hello HTTP/1.1[0m" 500 -
2025-05-13 13:30:42,737 - INFO - Adding job tentatively -- it will be properly scheduled when the scheduler starts
2025-05-13 13:30:42,739 - INFO - Added job "scheduled_stock_fetch" to job store "default"
2025-05-13 13:30:42,739 - INFO - Scheduler started
2025-05-13 13:30:42,741 - INFO - [31m[1mWARNING: This is a development server. Do not use it in a production deployment. Use a production WSGI server instead.[0m
 * Running on all addresses (0.0.0.0)
 * Running on http://127.0.0.1:8000
 * Running on http://172.30.0.2:8000
2025-05-13 13:30:42,741 - INFO - [33mPress CTRL+C to quit[0m
2025-05-13 13:31:12,213 - ERROR - Nezachycen√° v√Ωjimka: name 'g' is not defined
2025-05-13 13:31:12,214 - ERROR - Exception on /api/hello [GET]
Traceback (most recent call last):
  File "/usr/local/lib/python3.9/site-packages/flask/app.py", line 2190, in wsgi_app
    response = self.full_dispatch_request()
  File "/usr/local/lib/python3.9/site-packages/flask/app.py", line 1487, in full_dispatch_request
    return self.finalize_request(rv)
  File "/usr/local/lib/python3.9/site-packages/flask/app.py", line 1508, in finalize_request
    response = self.process_response(response)
  File "/usr/local/lib/python3.9/site-packages/flask/app.py", line 2002, in process_response
    response = self.ensure_sync(func)(response)
  File "/app/app.py", line 96, in log_response
    duration = time.time() - g.start_time
NameError: name 'g' is not defined
2025-05-13 13:31:12,217 - ERROR - Nezachycen√° v√Ωjimka: 500 Internal Server Error: The server encountered an internal error and was unable to complete your request. Either the server is overloaded or there is an error in the application.
2025-05-13 13:31:12,218 - ERROR - Request finalizing failed with an error while handling an error
Traceback (most recent call last):
  File "/usr/local/lib/python3.9/site-packages/flask/app.py", line 2190, in wsgi_app
    response = self.full_dispatch_request()
  File "/usr/local/lib/python3.9/site-packages/flask/app.py", line 1487, in full_dispatch_request
    return self.finalize_request(rv)
  File "/usr/local/lib/python3.9/site-packages/flask/app.py", line 1508, in finalize_request
    response = self.process_response(response)
  File "/usr/local/lib/python3.9/site-packages/flask/app.py", line 2002, in process_response
    response = self.ensure_sync(func)(response)
  File "/app/app.py", line 96, in log_response
    duration = time.time() - g.start_time
NameError: name 'g' is not defined

During handling of the above exception, another exception occurred:

Traceback (most recent call last):
  File "/usr/local/lib/python3.9/site-packages/flask/app.py", line 1508, in finalize_request
    response = self.process_response(response)
  File "/usr/local/lib/python3.9/site-packages/flask/app.py", line 2002, in process_response
    response = self.ensure_sync(func)(response)
  File "/app/app.py", line 96, in log_response
    duration = time.time() - g.start_time
NameError: name 'g' is not defined
2025-05-13 13:31:12,219 - INFO - 127.0.0.1 - - [13/May/2025 13:31:12] "[35m[1mGET /api/hello HTTP/1.1[0m" 500 -
2025-05-13 13:31:42,406 - ERROR - Nezachycen√° v√Ωjimka: name 'g' is not defined
2025-05-13 13:31:42,407 - ERROR - Exception on /api/hello [GET]
Traceback (most recent call last):
  File "/usr/local/lib/python3.9/site-packages/flask/app.py", line 2190, in wsgi_app
    response = self.full_dispatch_request()
  File "/usr/local/lib/python3.9/site-packages/flask/app.py", line 1487, in full_dispatch_request
    return self.finalize_request(rv)
  File "/usr/local/lib/python3.9/site-packages/flask/app.py", line 1508, in finalize_request
    response = self.process_response(response)
  File "/usr/local/lib/python3.9/site-packages/flask/app.py", line 2002, in process_response
    response = self.ensure_sync(func)(response)
  File "/app/app.py", line 96, in log_response
    duration = time.time() - g.start_time
NameError: name 'g' is not defined
2025-05-13 13:31:42,408 - ERROR - Nezachycen√° v√Ωjimka: 500 Internal Server Error: The server encountered an internal error and was unable to complete your request. Either the server is overloaded or there is an error in the application.
2025-05-13 13:31:42,408 - ERROR - Request finalizing failed with an error while handling an error
Traceback (most recent call last):
  File "/usr/local/lib/python3.9/site-packages/flask/app.py", line 2190, in wsgi_app
    response = self.full_dispatch_request()
  File "/usr/local/lib/python3.9/site-packages/flask/app.py", line 1487, in full_dispatch_request
    return self.finalize_request(rv)
  File "/usr/local/lib/python3.9/site-packages/flask/app.py", line 1508, in finalize_request
    response = self.process_response(response)
  File "/usr/local/lib/python3.9/site-packages/flask/app.py", line 2002, in process_response
    response = self.ensure_sync(func)(response)
  File "/app/app.py", line 96, in log_response
    duration = time.time() - g.start_time
NameError: name 'g' is not defined

During handling of the above exception, another exception occurred:

Traceback (most recent call last):
  File "/usr/local/lib/python3.9/site-packages/flask/app.py", line 1508, in finalize_request
    response = self.process_response(response)
  File "/usr/local/lib/python3.9/site-packages/flask/app.py", line 2002, in process_response
    response = self.ensure_sync(func)(response)
  File "/app/app.py", line 96, in log_response
    duration = time.time() - g.start_time
NameError: name 'g' is not defined
2025-05-13 13:31:42,410 - INFO - 127.0.0.1 - - [13/May/2025 13:31:42] "[35m[1mGET /api/hello HTTP/1.1[0m" 500 -
2025-05-13 13:32:41,141 - INFO - Adding job tentatively -- it will be properly scheduled when the scheduler starts
2025-05-13 13:32:41,142 - INFO - Added job "scheduled_stock_fetch" to job store "default"
2025-05-13 13:32:41,143 - INFO - Scheduler started
2025-05-13 13:32:41,145 - INFO - [31m[1mWARNING: This is a development server. Do not use it in a production deployment. Use a production WSGI server instead.[0m
 * Running on all addresses (0.0.0.0)
 * Running on http://127.0.0.1:8000
 * Running on http://172.30.0.2:8000
2025-05-13 13:32:41,145 - INFO - [33mPress CTRL+C to quit[0m
2025-05-13 13:33:10,636 - INFO - [REQUEST] GET /api/hello | Args: {} | JSON: None
2025-05-13 13:33:10,637 - INFO - [RESPONSE] GET /api/hello | Status: 200 | Time: 0.001s | Response: {'message': 'Hello from Docker!'}
2025-05-13 13:33:10,637 - INFO - 127.0.0.1 - - [13/May/2025 13:33:10] "GET /api/hello HTTP/1.1" 200 -
2025-05-13 13:33:27,639 - INFO - [REQUEST] OPTIONS /api/news | Args: {} | JSON: None
2025-05-13 13:33:27,640 - INFO - [RESPONSE] OPTIONS /api/news | Status: 200 | Time: 0.001s | Response: None
2025-05-13 13:33:27,641 - INFO - 172.30.0.1 - - [13/May/2025 13:33:27] "OPTIONS /api/news HTTP/1.1" 200 -
2025-05-13 13:33:27,642 - INFO - [REQUEST] GET /api/stocks | Args: {} | JSON: None
2025-05-13 13:33:27,643 - INFO - [RESPONSE] GET /api/stocks | Status: 200 | Time: 0.001s | Response: {}
2025-05-13 13:33:27,643 - INFO - 172.30.0.1 - - [13/May/2025 13:33:27] "GET /api/stocks HTTP/1.1" 200 -
2025-05-13 13:33:27,649 - INFO - [REQUEST] POST /api/news | Args: {} | JSON: {'api_url': 'https://news-production-257a.up.railway.app/liststock', 'min_rating_for_sell': 0}
2025-05-13 13:33:30,921 - INFO - [NEWS] Naƒç√≠t√°m zpr√°vy z: https://news-production-257a.up.railway.app/liststock | Min. hodnocen√≠ pro SELL: 0
2025-05-13 13:33:30,921 - INFO - [NEWS] Naƒçteno 7 zpr√°v, filtrovan√Ωch: 7
2025-05-13 13:33:30,922 - INFO - [RESPONSE] POST /api/news | Status: 200 | Time: 3.273s | Response: {'data': [{'date': '13.05.2025', 'name': 'AAPL', 'rating': 0, 'sell': 0}, {'date': '13.05.2025', 'name': 'AMD', 'rating': 0, 'sell': 0}, {'date': '13.05.2025', 'name': 'F', 'rating': 0, 'sell': 0}, {'date': '13.05.2025', 'name': 'TSLA', 'rating': -1, 'sell': 1}, {'date': '13.05.2025', 'name': 'CSCO', 'rating': 0, 'sell': 0}, {'date': '13.05.2025', 'name': 'BA', 'rating': -1, 'sell': 1}, {'date': '13.05.2025', 'name': 'NVDA', 'rating': 0, 'sell': 0}]}
2025-05-13 13:33:30,923 - INFO - 172.30.0.1 - - [13/May/2025 13:33:30] "POST /api/news HTTP/1.1" 200 -
2025-05-13 13:33:33,126 - INFO - [REQUEST] OPTIONS /api/stocks/add_and_check | Args: {} | JSON: None
2025-05-13 13:33:33,127 - INFO - [RESPONSE] OPTIONS /api/stocks/add_and_check | Status: 200 | Time: 0.001s | Response: None
2025-05-13 13:33:33,127 - INFO - 172.30.0.1 - - [13/May/2025 13:33:33] "OPTIONS /api/stocks/add_and_check HTTP/1.1" 200 -
2025-05-13 13:33:33,131 - INFO - [REQUEST] POST /api/stocks/add_and_check | Args: {} | JSON: {'ticker': 'AAPL'}
2025-05-13 13:33:33,484 - INFO - [ADD] P≈ôid√°n ticker: AAPL | Data: {'company_name': 'Apple Inc.', 'declined_last_3_days': False, 'more_than_2_declines_last_5_days': False, 'latest_close': 210.79, 'history': [{'date': '2025-05-12', 'close': 210.79}, {'date': '2025-05-09', 'close': 198.53}, {'date': '2025-05-08', 'close': 197.49}, {'date': '2025-05-07', 'close': 196.25}, {'date': '2025-05-06', 'close': 198.51}, {'date': '2025-05-05', 'close': 198.89}]}
2025-05-13 13:33:33,484 - INFO - [RESPONSE] POST /api/stocks/add_and_check | Status: 200 | Time: 0.354s | Response: {'AAPL': {'company_name': 'Apple Inc.', 'declined_last_3_days': False, 'history': [{'close': 210.79, 'date': '2025-05-12'}, {'close': 198.53, 'date': '2025-05-09'}, {'close': 197.49, 'date': '2025-05-08'}, {'close': 196.25, 'date': '2025-05-07'}, {'close': 198.51, 'date': '2025-05-06'}, {'close': 198.89, 'date': '2025-05-05'}], 'latest_close': 210.79, 'more_than_2_declines_last_5_days': False}}
2025-05-13 13:33:33,485 - INFO - 172.30.0.1 - - [13/May/2025 13:33:33] "POST /api/stocks/add_and_check HTTP/1.1" 200 -
2025-05-13 13:33:35,528 - INFO - [REQUEST] POST /api/stocks/add_and_check | Args: {} | JSON: {'ticker': 'NVD'}
2025-05-13 13:33:35,676 - INFO - [ADD] P≈ôid√°n ticker: NVD | Data: {'company_name': 'Nezn√°m√° spoleƒçnost', 'declined_last_3_days': False, 'more_than_2_declines_last_5_days': True, 'latest_close': 21.53, 'history': [{'date': '2025-05-12', 'close': 21.53}, {'date': '2025-05-09', 'close': 24.16}, {'date': '2025-05-08', 'close': 23.85}, {'date': '2025-05-07', 'close': 23.98}, {'date': '2025-05-06', 'close': 25.57}, {'date': '2025-05-05', 'close': 25.4}]}
2025-05-13 13:33:35,676 - INFO - [RESPONSE] POST /api/stocks/add_and_check | Status: 200 | Time: 0.149s | Response: {'NVD': {'company_name': 'Nezn√°m√° spoleƒçnost', 'declined_last_3_days': False, 'history': [{'close': 21.53, 'date': '2025-05-12'}, {'close': 24.16, 'date': '2025-05-09'}, {'close': 23.85, 'date': '2025-05-08'}, {'close': 23.98, 'date': '2025-05-07'}, {'close': 25.57, 'date': '2025-05-06'}, {'close': 25.4, 'date': '2025-05-05'}], 'latest_close': 21.53, 'more_than_2_declines_last_5_days': True}}
2025-05-13 13:33:35,677 - INFO - 172.30.0.1 - - [13/May/2025 13:33:35] "POST /api/stocks/add_and_check HTTP/1.1" 200 -
2025-05-13 13:33:40,852 - INFO - [REQUEST] GET /api/hello | Args: {} | JSON: None
2025-05-13 13:33:40,853 - INFO - [RESPONSE] GET /api/hello | Status: 200 | Time: 0.000s | Response: {'message': 'Hello from Docker!'}
2025-05-13 13:33:40,853 - INFO - 127.0.0.1 - - [13/May/2025 13:33:40] "GET /api/hello HTTP/1.1" 200 -
2025-05-13 13:33:44,189 - INFO - [REQUEST] OPTIONS /api/stocks/add_and_check | Args: {} | JSON: None
2025-05-13 13:33:44,189 - INFO - [RESPONSE] OPTIONS /api/stocks/add_and_check | Status: 200 | Time: 0.001s | Response: None
2025-05-13 13:33:44,190 - INFO - 172.30.0.1 - - [13/May/2025 13:33:44] "OPTIONS /api/stocks/add_and_check HTTP/1.1" 200 -
2025-05-13 13:33:44,194 - INFO - [REQUEST] POST /api/stocks/add_and_check | Args: {} | JSON: {'ticker': 'AMD'}
2025-05-13 13:33:44,335 - INFO - [ADD] P≈ôid√°n ticker: AMD | Data: {'company_name': 'Advanced Micro Devices, Inc.', 'declined_last_3_days': False, 'more_than_2_declines_last_5_days': False, 'latest_close': 108.12, 'history': [{'date': '2025-05-12', 'close': 108.12}, {'date': '2025-05-09', 'close': 102.84}, {'date': '2025-05-08', 'close': 101.7}, {'date': '2025-05-07', 'close': 100.36}, {'date': '2025-05-06', 'close': 98.62}, {'date': '2025-05-05', 'close': 100.59}]}
2025-05-13 13:33:44,336 - INFO - [RESPONSE] POST /api/stocks/add_and_check | Status: 200 | Time: 0.142s | Response: {'AMD': {'company_name': 'Advanced Micro Devices, Inc.', 'declined_last_3_days': False, 'history': [{'close': 108.12, 'date': '2025-05-12'}, {'close': 102.84, 'date': '2025-05-09'}, {'close': 101.7, 'date': '2025-05-08'}, {'close': 100.36, 'date': '2025-05-07'}, {'close': 98.62, 'date': '2025-05-06'}, {'close': 100.59, 'date': '2025-05-05'}], 'latest_close': 108.12, 'more_than_2_declines_last_5_days': False}}
2025-05-13 13:33:44,336 - INFO - 172.30.0.1 - - [13/May/2025 13:33:44] "POST /api/stocks/add_and_check HTTP/1.1" 200 -
2025-05-13 13:33:49,486 - INFO - [REQUEST] OPTIONS /api/stocks/add_and_check | Args: {} | JSON: None
2025-05-13 13:33:49,486 - INFO - [RESPONSE] OPTIONS /api/stocks/add_and_check | Status: 200 | Time: 0.001s | Response: None
2025-05-13 13:33:49,487 - INFO - 172.30.0.1 - - [13/May/2025 13:33:49] "OPTIONS /api/stocks/add_and_check HTTP/1.1" 200 -
2025-05-13 13:33:49,491 - INFO - [REQUEST] POST /api/stocks/add_and_check | Args: {} | JSON: {'ticker': 'F'}
2025-05-13 13:33:49,636 - INFO - [ADD] P≈ôid√°n ticker: F | Data: {'company_name': 'Ford Motor Company', 'declined_last_3_days': False, 'more_than_2_declines_last_5_days': False, 'latest_close': 10.55, 'history': [{'date': '2025-05-12', 'close': 10.55}, {'date': '2025-05-09', 'close': 10.43}, {'date': '2025-05-08', 'close': 10.28}, {'date': '2025-05-07', 'close': 10.28}, {'date': '2025-05-06', 'close': 10.44}, {'date': '2025-05-05', 'close': 10.17}]}
2025-05-13 13:33:49,636 - INFO - [RESPONSE] POST /api/stocks/add_and_check | Status: 200 | Time: 0.145s | Response: {'F': {'company_name': 'Ford Motor Company', 'declined_last_3_days': False, 'history': [{'close': 10.55, 'date': '2025-05-12'}, {'close': 10.43, 'date': '2025-05-09'}, {'close': 10.28, 'date': '2025-05-08'}, {'close': 10.28, 'date': '2025-05-07'}, {'close': 10.44, 'date': '2025-05-06'}, {'close': 10.17, 'date': '2025-05-05'}], 'latest_close': 10.55, 'more_than_2_declines_last_5_days': False}}
2025-05-13 13:33:49,637 - INFO - 172.30.0.1 - - [13/May/2025 13:33:49] "POST /api/stocks/add_and_check HTTP/1.1" 200 -
2025-05-13 13:33:51,919 - INFO - [REQUEST] POST /api/stocks/add_and_check | Args: {} | JSON: {'ticker': 'TSLA'}
2025-05-13 13:33:52,058 - INFO - [ADD] P≈ôid√°n ticker: TSLA | Data: {'company_name': 'Tesla, Inc.', 'declined_last_3_days': False, 'more_than_2_declines_last_5_days': False, 'latest_close': 318.38, 'history': [{'date': '2025-05-12', 'close': 318.38}, {'date': '2025-05-09', 'close': 298.26}, {'date': '2025-05-08', 'close': 284.82}, {'date': '2025-05-07', 'close': 276.22}, {'date': '2025-05-06', 'close': 275.35}, {'date': '2025-05-05', 'close': 280.26}]}
2025-05-13 13:33:52,059 - INFO - [RESPONSE] POST /api/stocks/add_and_check | Status: 200 | Time: 0.140s | Response: {'TSLA': {'company_name': 'Tesla, Inc.', 'declined_last_3_days': False, 'history': [{'close': 318.38, 'date': '2025-05-12'}, {'close': 298.26, 'date': '2025-05-09'}, {'close': 284.82, 'date': '2025-05-08'}, {'close': 276.22, 'date': '2025-05-07'}, {'close': 275.35, 'date': '2025-05-06'}, {'close': 280.26, 'date': '2025-05-05'}], 'latest_close': 318.38, 'more_than_2_declines_last_5_days': False}}
2025-05-13 13:33:52,059 - INFO - 172.30.0.1 - - [13/May/2025 13:33:52] "POST /api/stocks/add_and_check HTTP/1.1" 200 -
2025-05-13 13:33:55,872 - INFO - [REQUEST] OPTIONS /api/stocks/add_and_check | Args: {} | JSON: None
2025-05-13 13:33:55,873 - INFO - [RESPONSE] OPTIONS /api/stocks/add_and_check | Status: 200 | Time: 0.001s | Response: None
2025-05-13 13:33:55,873 - INFO - 172.30.0.1 - - [13/May/2025 13:33:55] "OPTIONS /api/stocks/add_and_check HTTP/1.1" 200 -
2025-05-13 13:33:55,877 - INFO - [REQUEST] POST /api/stocks/add_and_check | Args: {} | JSON: {'ticker': 'BA'}
2025-05-13 13:33:56,024 - INFO - [ADD] P≈ôid√°n ticker: BA | Data: {'company_name': 'The Boeing Company', 'declined_last_3_days': False, 'more_than_2_declines_last_5_days': False, 'latest_close': 198.53, 'history': [{'date': '2025-05-12', 'close': 198.53}, {'date': '2025-05-09', 'close': 194.85}, {'date': '2025-05-08', 'close': 191.7}, {'date': '2025-05-07', 'close': 185.56}, {'date': '2025-05-06', 'close': 185.96}, {'date': '2025-05-05', 'close': 186.46}]}
2025-05-13 13:33:56,025 - INFO - [RESPONSE] POST /api/stocks/add_and_check | Status: 200 | Time: 0.147s | Response: {'BA': {'company_name': 'The Boeing Company', 'declined_last_3_days': False, 'history': [{'close': 198.53, 'date': '2025-05-12'}, {'close': 194.85, 'date': '2025-05-09'}, {'close': 191.7, 'date': '2025-05-08'}, {'close': 185.56, 'date': '2025-05-07'}, {'close': 185.96, 'date': '2025-05-06'}, {'close': 186.46, 'date': '2025-05-05'}], 'latest_close': 198.53, 'more_than_2_declines_last_5_days': False}}
2025-05-13 13:33:56,025 - INFO - 172.30.0.1 - - [13/May/2025 13:33:56] "POST /api/stocks/add_and_check HTTP/1.1" 200 -
2025-05-13 13:33:57,658 - INFO - [REQUEST] OPTIONS /api/stocks/recommend | Args: {} | JSON: None
2025-05-13 13:33:57,659 - INFO - [RESPONSE] OPTIONS /api/stocks/recommend | Status: 200 | Time: 0.001s | Response: None
2025-05-13 13:33:57,659 - INFO - 172.30.0.1 - - [13/May/2025 13:33:57] "OPTIONS /api/stocks/recommend HTTP/1.1" 200 -
2025-05-13 13:33:57,663 - INFO - [REQUEST] POST /api/stocks/recommend | Args: {} | JSON: None
2025-05-13 13:33:57,748 - INFO - [RESPONSE] POST /api/stocks/recommend | Status: 200 | Time: 0.085s | Response: {'celkem_v_cache': 6, 'odeslano': ['AAPL', 'AMD', 'F', 'TSLA', 'BA']}
2025-05-13 13:33:57,749 - INFO - 172.30.0.1 - - [13/May/2025 13:33:57] "POST /api/stocks/recommend HTTP/1.1" 200 -
2025-05-13 13:34:01,300 - INFO - [REQUEST] OPTIONS /api/news | Args: {} | JSON: None
2025-05-13 13:34:01,301 - INFO - [RESPONSE] OPTIONS /api/news | Status: 200 | Time: 0.001s | Response: None
2025-05-13 13:34:01,301 - INFO - 172.30.0.1 - - [13/May/2025 13:34:01] "OPTIONS /api/news HTTP/1.1" 200 -
2025-05-13 13:34:01,305 - INFO - [REQUEST] POST /api/news | Args: {} | JSON: {'api_url': 'https://news-production-257a.up.railway.app/liststock', 'min_rating_for_sell': 1}
2025-05-13 13:34:11,034 - INFO - [REQUEST] GET /api/hello | Args: {} | JSON: None
2025-05-13 13:34:11,034 - INFO - [RESPONSE] GET /api/hello | Status: 200 | Time: 0.000s | Response: {'message': 'Hello from Docker!'}
2025-05-13 13:34:11,034 - INFO - 127.0.0.1 - - [13/May/2025 13:34:11] "GET /api/hello HTTP/1.1" 200 -
2025-05-13 13:34:12,179 - INFO - [NEWS] Naƒç√≠t√°m zpr√°vy z: https://news-production-257a.up.railway.app/liststock | Min. hodnocen√≠ pro SELL: 1
2025-05-13 13:34:12,180 - INFO - [NEWS] Naƒçteno 6 zpr√°v, filtrovan√Ωch: 6
2025-05-13 13:34:12,180 - INFO - [RESPONSE] POST /api/news | Status: 200 | Time: 10.875s | Response: {'data': [{'date': '13.05.2025', 'name': 'AAPL', 'rating': 0, 'sell': 1}, {'date': '13.05.2025', 'name': 'AMD', 'rating': 0, 'sell': 1}, {'date': '13.05.2025', 'name': 'F', 'rating': 0, 'sell': 1}, {'date': '13.05.2025', 'name': 'TSLA', 'rating': -1, 'sell': 1}, {'date': '13.05.2025', 'name': 'BA', 'rating': -1, 'sell': 1}, {'date': '13.05.2025', 'name': 'NVDA', 'rating': 0, 'sell': 1}]}
2025-05-13 13:34:12,180 - INFO - 172.30.0.1 - - [13/May/2025 13:34:12] "POST /api/news HTTP/1.1" 200 -
2025-05-13 13:34:13,334 - INFO - [REQUEST] GET /api/logs/download | Args: {} | JSON: None
2025-05-13 13:34:13,353 - INFO - [RESPONSE] GET /api/logs/download | Status: 200 | Time: 0.019s | Response: None
2025-05-13 13:34:13,354 - INFO - 172.30.0.1 - - [13/May/2025 13:34:13] "GET /api/logs/download HTTP/1.1" 200 -
2025-05-13 13:34:41,234 - INFO - [REQUEST] GET /api/hello | Args: {} | JSON: None
2025-05-13 13:34:41,235 - INFO - [RESPONSE] GET /api/hello | Status: 200 | Time: 0.000s | Response: {'message': 'Hello from Docker!'}
2025-05-13 13:34:41,235 - INFO - 127.0.0.1 - - [13/May/2025 13:34:41] "GET /api/hello HTTP/1.1" 200 -
2025-05-13 13:35:11,425 - INFO - [REQUEST] GET /api/hello | Args: {} | JSON: None
2025-05-13 13:35:11,426 - INFO - [RESPONSE] GET /api/hello | Status: 200 | Time: 0.000s | Response: {'message': 'Hello from Docker!'}
2025-05-13 13:35:11,426 - INFO - 127.0.0.1 - - [13/May/2025 13:35:11] "GET /api/hello HTTP/1.1" 200 -
2025-05-13 13:35:41,628 - INFO - [REQUEST] GET /api/hello | Args: {} | JSON: None
2025-05-13 13:35:41,628 - INFO - [RESPONSE] GET /api/hello | Status: 200 | Time: 0.000s | Response: {'message': 'Hello from Docker!'}
2025-05-13 13:35:41,629 - INFO - 127.0.0.1 - - [13/May/2025 13:35:41] "GET /api/hello HTTP/1.1" 200 -
2025-05-13 13:36:11,809 - INFO - [REQUEST] GET /api/hello | Args: {} | JSON: None
2025-05-13 13:36:11,810 - INFO - [RESPONSE] GET /api/hello | Status: 200 | Time: 0.000s | Response: {'message': 'Hello from Docker!'}
2025-05-13 13:36:11,810 - INFO - 127.0.0.1 - - [13/May/2025 13:36:11] "GET /api/hello HTTP/1.1" 200 -
2025-05-13 13:36:42,012 - INFO - [REQUEST] GET /api/hello | Args: {} | JSON: None
2025-05-13 13:36:42,012 - INFO - [RESPONSE] GET /api/hello | Status: 200 | Time: 0.000s | Response: {'message': 'Hello from Docker!'}
2025-05-13 13:36:42,013 - INFO - 127.0.0.1 - - [13/May/2025 13:36:42] "GET /api/hello HTTP/1.1" 200 -
2025-05-13 13:37:12,211 - INFO - [REQUEST] GET /api/hello | Args: {} | JSON: None
2025-05-13 13:37:12,212 - INFO - [RESPONSE] GET /api/hello | Status: 200 | Time: 0.000s | Response: {'message': 'Hello from Docker!'}
2025-05-13 13:37:12,212 - INFO - 127.0.0.1 - - [13/May/2025 13:37:12] "GET /api/hello HTTP/1.1" 200 -
2025-05-13 13:37:42,405 - INFO - [REQUEST] GET /api/hello | Args: {} | JSON: None
2025-05-13 13:37:42,406 - INFO - [RESPONSE] GET /api/hello | Status: 200 | Time: 0.000s | Response: {'message': 'Hello from Docker!'}
2025-05-13 13:37:42,406 - INFO - 127.0.0.1 - - [13/May/2025 13:37:42] "GET /api/hello HTTP/1.1" 200 -
2025-05-13 13:38:29,709 - INFO - Adding job tentatively -- it will be properly scheduled when the scheduler starts
2025-05-13 13:38:29,712 - INFO - Added job "scheduled_stock_fetch" to job store "default"
2025-05-13 13:38:29,712 - INFO - Scheduler started
2025-05-13 13:38:29,715 - INFO - [31m[1mWARNING: This is a development server. Do not use it in a production deployment. Use a production WSGI server instead.[0m
 * Running on all addresses (0.0.0.0)
 * Running on http://127.0.0.1:8000
 * Running on http://172.30.0.2:8000
2025-05-13 13:38:29,715 - INFO - [33mPress CTRL+C to quit[0m
2025-05-13 13:38:59,145 - INFO - [REQUEST] GET /api/hello | Args: {} | JSON: None
2025-05-13 13:38:59,145 - INFO - [RESPONSE] GET /api/hello | Status: 200 | Time: 0.000s | Response: {'message': 'Hello from Docker!'}
2025-05-13 13:38:59,146 - INFO - 127.0.0.1 - - [13/May/2025 13:38:59] "GET /api/hello HTTP/1.1" 200 -
2025-05-13 13:39:11,040 - INFO - [REQUEST] GET /api/stocks | Args: {} | JSON: None
2025-05-13 13:39:11,041 - INFO - [REQUEST] OPTIONS /api/news | Args: {} | JSON: None
2025-05-13 13:39:11,041 - INFO - [RESPONSE] GET /api/stocks | Status: 200 | Time: 0.001s | Response: {}
2025-05-13 13:39:11,041 - INFO - [RESPONSE] OPTIONS /api/news | Status: 200 | Time: 0.001s | Response: None
2025-05-13 13:39:11,042 - INFO - 172.30.0.1 - - [13/May/2025 13:39:11] "GET /api/stocks HTTP/1.1" 200 -
2025-05-13 13:39:11,043 - INFO - 172.30.0.1 - - [13/May/2025 13:39:11] "OPTIONS /api/news HTTP/1.1" 200 -
2025-05-13 13:39:11,049 - INFO - [REQUEST] POST /api/news | Args: {} | JSON: {'api_url': 'https://news-production-257a.up.railway.app/liststock', 'min_rating_for_sell': 1}
2025-05-13 13:39:14,021 - INFO - [REQUEST] OPTIONS /api/stocks/add_and_check | Args: {} | JSON: None
2025-05-13 13:39:14,036 - INFO - [RESPONSE] OPTIONS /api/stocks/add_and_check | Status: 200 | Time: 0.015s | Response: None
2025-05-13 13:39:14,043 - INFO - 172.30.0.1 - - [13/May/2025 13:39:14] "OPTIONS /api/stocks/add_and_check HTTP/1.1" 200 -
2025-05-13 13:39:14,131 - INFO - [REQUEST] POST /api/stocks/add_and_check | Args: {} | JSON: {'ticker': 'AAPL'}
2025-05-13 13:39:14,746 - INFO - [ADD] P≈ôid√°n ticker: AAPL | Data: {'company_name': 'Apple Inc.', 'declined_last_3_days': False, 'more_than_2_declines_last_5_days': False, 'latest_close': 210.79, 'history': [{'date': '2025-05-12', 'close': 210.79}, {'date': '2025-05-09', 'close': 198.53}, {'date': '2025-05-08', 'close': 197.49}, {'date': '2025-05-07', 'close': 196.25}, {'date': '2025-05-06', 'close': 198.51}, {'date': '2025-05-05', 'close': 198.89}]}
2025-05-13 13:39:14,778 - INFO - [RESPONSE] POST /api/stocks/add_and_check | Status: 200 | Time: 0.647s | Response: {'AAPL': {'company_name': 'Apple Inc.', 'declined_last_3_days': False, 'history': [{'close': 210.79, 'date': '2025-05-12'}, {'close': 198.53, 'date': '2025-05-09'}, {'close': 197.49, 'date': '2025-05-08'}, {'close': 196.25, 'date': '2025-05-07'}, {'close': 198.51, 'date': '2025-05-06'}, {'close': 198.89, 'date': '2025-05-05'}], 'latest_close': 210.79, 'more_than_2_declines_last_5_days': False}}
2025-05-13 13:39:14,784 - INFO - 172.30.0.1 - - [13/May/2025 13:39:14] "POST /api/stocks/add_and_check HTTP/1.1" 200 -
2025-05-13 13:39:15,653 - INFO - [REQUEST] POST /api/stocks/add_and_check | Args: {} | JSON: {'ticker': 'F'}
2025-05-13 13:39:15,806 - INFO - [ADD] P≈ôid√°n ticker: F | Data: {'company_name': 'Ford Motor Company', 'declined_last_3_days': False, 'more_than_2_declines_last_5_days': False, 'latest_close': 10.55, 'history': [{'date': '2025-05-12', 'close': 10.55}, {'date': '2025-05-09', 'close': 10.43}, {'date': '2025-05-08', 'close': 10.28}, {'date': '2025-05-07', 'close': 10.28}, {'date': '2025-05-06', 'close': 10.44}, {'date': '2025-05-05', 'close': 10.17}]}
2025-05-13 13:39:15,807 - INFO - [RESPONSE] POST /api/stocks/add_and_check | Status: 200 | Time: 0.154s | Response: {'F': {'company_name': 'Ford Motor Company', 'declined_last_3_days': False, 'history': [{'close': 10.55, 'date': '2025-05-12'}, {'close': 10.43, 'date': '2025-05-09'}, {'close': 10.28, 'date': '2025-05-08'}, {'close': 10.28, 'date': '2025-05-07'}, {'close': 10.44, 'date': '2025-05-06'}, {'close': 10.17, 'date': '2025-05-05'}], 'latest_close': 10.55, 'more_than_2_declines_last_5_days': False}}
2025-05-13 13:39:15,808 - INFO - 172.30.0.1 - - [13/May/2025 13:39:15] "POST /api/stocks/add_and_check HTTP/1.1" 200 -
2025-05-13 13:39:16,071 - INFO - [NEWS] <Response [200]>
2025-05-13 13:39:16,071 - INFO - [NEWS] Naƒç√≠t√°m zpr√°vy z: https://news-production-257a.up.railway.app/liststock | Min. hodnocen√≠ pro SELL: 1
2025-05-13 13:39:16,071 - INFO - [NEWS] Naƒçteno 7 zpr√°v, filtrovan√Ωch: 7
2025-05-13 13:39:16,072 - INFO - [RESPONSE] POST /api/news | Status: 200 | Time: 5.023s | Response: {'data': [{'date': '13.05.2025', 'name': 'AAPL', 'rating': 0, 'sell': 1}, {'date': '13.05.2025', 'name': 'AMD', 'rating': 0, 'sell': 1}, {'date': '13.05.2025', 'name': 'F', 'rating': 0, 'sell': 1}, {'date': '13.05.2025', 'name': 'TSLA', 'rating': -1, 'sell': 1}, {'date': '13.05.2025', 'name': 'CSCO', 'rating': 0, 'sell': 1}, {'date': '13.05.2025', 'name': 'BA', 'rating': -1, 'sell': 1}, {'date': '13.05.2025', 'name': 'NVDA', 'rating': 0, 'sell': 1}]}
2025-05-13 13:39:16,073 - INFO - 172.30.0.1 - - [13/May/2025 13:39:16] "POST /api/news HTTP/1.1" 200 -
2025-05-13 13:39:16,402 - INFO - [REQUEST] POST /api/stocks/add_and_check | Args: {} | JSON: {'ticker': 'V'}
2025-05-13 13:39:16,559 - INFO - [ADD] P≈ôid√°n ticker: V | Data: {'company_name': 'Visa Inc.', 'declined_last_3_days': False, 'more_than_2_declines_last_5_days': False, 'latest_close': 355.85, 'history': [{'date': '2025-05-12', 'close': 355.85}, {'date': '2025-05-09', 'close': 352.54}, {'date': '2025-05-08', 'close': 351.27}, {'date': '2025-05-07', 'close': 349.85}, {'date': '2025-05-06', 'close': 347.7}, {'date': '2025-05-05', 'close': 348.64}]}
2025-05-13 13:39:16,560 - INFO - [RESPONSE] POST /api/stocks/add_and_check | Status: 200 | Time: 0.159s | Response: {'V': {'company_name': 'Visa Inc.', 'declined_last_3_days': False, 'history': [{'close': 355.85, 'date': '2025-05-12'}, {'close': 352.54, 'date': '2025-05-09'}, {'close': 351.27, 'date': '2025-05-08'}, {'close': 349.85, 'date': '2025-05-07'}, {'close': 347.7, 'date': '2025-05-06'}, {'close': 348.64, 'date': '2025-05-05'}], 'latest_close': 355.85, 'more_than_2_declines_last_5_days': False}}
2025-05-13 13:39:16,560 - INFO - 172.30.0.1 - - [13/May/2025 13:39:16] "POST /api/stocks/add_and_check HTTP/1.1" 200 -
2025-05-13 13:39:20,261 - INFO - [REQUEST] GET /api/logs/download | Args: {} | JSON: None
2025-05-13 13:39:20,278 - INFO - [RESPONSE] GET /api/logs/download | Status: 200 | Time: 0.017s | Response: None
2025-05-13 13:39:20,278 - INFO - 172.30.0.1 - - [13/May/2025 13:39:20] "GET /api/logs/download HTTP/1.1" 200 -
2025-05-13 13:39:29,344 - INFO - [REQUEST] GET /api/hello | Args: {} | JSON: None
2025-05-13 13:39:29,344 - INFO - [RESPONSE] GET /api/hello | Status: 200 | Time: 0.000s | Response: {'message': 'Hello from Docker!'}
2025-05-13 13:39:29,345 - INFO - 127.0.0.1 - - [13/May/2025 13:39:29] "GET /api/hello HTTP/1.1" 200 -
2025-05-13 17:20:15,122 - INFO - Adding job tentatively -- it will be properly scheduled when the scheduler starts
2025-05-13 17:20:15,125 - INFO - Added job "scheduled_stock_fetch" to job store "default"
2025-05-13 17:20:15,125 - INFO - Scheduler started
2025-05-13 17:20:15,132 - INFO - [31m[1mWARNING: This is a development server. Do not use it in a production deployment. Use a production WSGI server instead.[0m
 * Running on all addresses (0.0.0.0)
 * Running on http://127.0.0.1:8000
 * Running on http://172.30.0.2:8000
2025-05-13 17:20:15,132 - INFO - [33mPress CTRL+C to quit[0m
2025-05-13 17:20:43,946 - INFO - [REQUEST] GET /api/hello | Args: {} | JSON: None
2025-05-13 17:20:43,947 - INFO - [RESPONSE] GET /api/hello | Status: 200 | Time: 0.001s | Response: {'message': 'Hello from Docker!'}
2025-05-13 17:20:43,947 - INFO - 127.0.0.1 - - [13/May/2025 17:20:43] "GET /api/hello HTTP/1.1" 200 -
2025-05-13 17:21:14,158 - INFO - [REQUEST] GET /api/hello | Args: {} | JSON: None
2025-05-13 17:21:14,159 - INFO - [RESPONSE] GET /api/hello | Status: 200 | Time: 0.000s | Response: {'message': 'Hello from Docker!'}
2025-05-13 17:21:14,159 - INFO - 127.0.0.1 - - [13/May/2025 17:21:14] "GET /api/hello HTTP/1.1" 200 -
2025-05-13 17:21:44,356 - INFO - [REQUEST] GET /api/hello | Args: {} | JSON: None
2025-05-13 17:21:44,357 - INFO - [RESPONSE] GET /api/hello | Status: 200 | Time: 0.000s | Response: {'message': 'Hello from Docker!'}
2025-05-13 17:21:44,357 - INFO - 127.0.0.1 - - [13/May/2025 17:21:44] "GET /api/hello HTTP/1.1" 200 -
2025-05-13 17:22:14,566 - INFO - [REQUEST] GET /api/hello | Args: {} | JSON: None
2025-05-13 17:22:14,566 - INFO - [RESPONSE] GET /api/hello | Status: 200 | Time: 0.000s | Response: {'message': 'Hello from Docker!'}
2025-05-13 17:22:14,567 - INFO - 127.0.0.1 - - [13/May/2025 17:22:14] "GET /api/hello HTTP/1.1" 200 -
2025-05-13 17:22:28,029 - INFO - Adding job tentatively -- it will be properly scheduled when the scheduler starts
2025-05-13 17:22:28,031 - INFO - Added job "scheduled_stock_fetch" to job store "default"
2025-05-13 17:22:28,031 - INFO - Scheduler started
2025-05-13 17:22:28,034 - INFO - [31m[1mWARNING: This is a development server. Do not use it in a production deployment. Use a production WSGI server instead.[0m
 * Running on all addresses (0.0.0.0)
 * Running on http://127.0.0.1:8000
 * Running on http://172.30.0.2:8000
2025-05-13 17:22:28,034 - INFO - [33mPress CTRL+C to quit[0m
2025-05-13 17:22:57,424 - INFO - [REQUEST] GET /api/hello | Args: {} | JSON: None
2025-05-13 17:22:57,424 - INFO - [RESPONSE] GET /api/hello | Status: 200 | Time: 0.000s | Response: {'message': 'Hello from Docker!'}
2025-05-13 17:22:57,425 - INFO - 127.0.0.1 - - [13/May/2025 17:22:57] "GET /api/hello HTTP/1.1" 200 -
2025-05-13 17:23:27,640 - INFO - [REQUEST] GET /api/hello | Args: {} | JSON: None
2025-05-13 17:23:27,641 - INFO - [RESPONSE] GET /api/hello | Status: 200 | Time: 0.000s | Response: {'message': 'Hello from Docker!'}
2025-05-13 17:23:27,641 - INFO - 127.0.0.1 - - [13/May/2025 17:23:27] "GET /api/hello HTTP/1.1" 200 -
2025-05-13 17:23:57,864 - INFO - [REQUEST] GET /api/hello | Args: {} | JSON: None
2025-05-13 17:23:57,865 - INFO - [RESPONSE] GET /api/hello | Status: 200 | Time: 0.000s | Response: {'message': 'Hello from Docker!'}
2025-05-13 17:23:57,865 - INFO - 127.0.0.1 - - [13/May/2025 17:23:57] "GET /api/hello HTTP/1.1" 200 -
2025-05-13 17:24:28,071 - INFO - [REQUEST] GET /api/hello | Args: {} | JSON: None
2025-05-13 17:24:28,071 - INFO - [RESPONSE] GET /api/hello | Status: 200 | Time: 0.000s | Response: {'message': 'Hello from Docker!'}
2025-05-13 17:24:28,072 - INFO - 127.0.0.1 - - [13/May/2025 17:24:28] "GET /api/hello HTTP/1.1" 200 -
2025-05-13 17:24:58,264 - INFO - [REQUEST] GET /api/hello | Args: {} | JSON: None
2025-05-13 17:24:58,264 - INFO - [RESPONSE] GET /api/hello | Status: 200 | Time: 0.001s | Response: {'message': 'Hello from Docker!'}
2025-05-13 17:24:58,265 - INFO - 127.0.0.1 - - [13/May/2025 17:24:58] "GET /api/hello HTTP/1.1" 200 -
2025-05-13 17:25:21,224 - INFO - Adding job tentatively -- it will be properly scheduled when the scheduler starts
2025-05-13 17:25:21,226 - INFO - Added job "scheduled_stock_fetch" to job store "default"
2025-05-13 17:25:21,226 - INFO - Scheduler started
2025-05-13 17:25:21,229 - INFO - [31m[1mWARNING: This is a development server. Do not use it in a production deployment. Use a production WSGI server instead.[0m
 * Running on all addresses (0.0.0.0)
 * Running on http://127.0.0.1:8000
 * Running on http://172.30.0.2:8000
2025-05-13 17:25:21,230 - INFO - [33mPress CTRL+C to quit[0m
2025-05-13 17:25:50,509 - INFO - [REQUEST] GET /api/hello | Args: {} | JSON: None
2025-05-13 17:25:50,510 - INFO - [RESPONSE] GET /api/hello | Status: 200 | Time: 0.000s | Response: {'message': 'Hello from Docker!'}
2025-05-13 17:25:50,510 - INFO - 127.0.0.1 - - [13/May/2025 17:25:50] "GET /api/hello HTTP/1.1" 200 -
2025-05-13 17:26:20,495 - INFO - Adding job tentatively -- it will be properly scheduled when the scheduler starts
2025-05-13 17:26:20,497 - INFO - Added job "scheduled_stock_fetch" to job store "default"
2025-05-13 17:26:20,498 - INFO - Scheduler started
2025-05-13 17:26:20,501 - INFO - [31m[1mWARNING: This is a development server. Do not use it in a production deployment. Use a production WSGI server instead.[0m
 * Running on all addresses (0.0.0.0)
 * Running on http://127.0.0.1:8000
 * Running on http://172.30.0.2:8000
2025-05-13 17:26:20,501 - INFO - [33mPress CTRL+C to quit[0m
2025-05-13 17:26:50,136 - INFO - [REQUEST] GET /api/hello | Args: {} | JSON: None
2025-05-13 17:26:50,138 - INFO - [RESPONSE] GET /api/hello | Status: 200 | Time: 0.002s | Response: {'message': 'Hello from Docker!'}
2025-05-13 17:26:50,141 - INFO - 127.0.0.1 - - [13/May/2025 17:26:50] "GET /api/hello HTTP/1.1" 200 -
2025-05-13 17:27:20,360 - INFO - [REQUEST] GET /api/hello | Args: {} | JSON: None
2025-05-13 17:27:20,360 - INFO - [RESPONSE] GET /api/hello | Status: 200 | Time: 0.000s | Response: {'message': 'Hello from Docker!'}
2025-05-13 17:27:20,361 - INFO - 127.0.0.1 - - [13/May/2025 17:27:20] "GET /api/hello HTTP/1.1" 200 -
2025-05-13 17:27:50,578 - INFO - [REQUEST] GET /api/hello | Args: {} | JSON: None
2025-05-13 17:27:50,578 - INFO - [RESPONSE] GET /api/hello | Status: 200 | Time: 0.000s | Response: {'message': 'Hello from Docker!'}
2025-05-13 17:27:50,579 - INFO - 127.0.0.1 - - [13/May/2025 17:27:50] "GET /api/hello HTTP/1.1" 200 -
2025-05-13 17:28:20,758 - INFO - [REQUEST] GET /api/hello | Args: {} | JSON: None
2025-05-13 17:28:20,758 - INFO - [RESPONSE] GET /api/hello | Status: 200 | Time: 0.001s | Response: {'message': 'Hello from Docker!'}
2025-05-13 17:28:20,758 - INFO - 127.0.0.1 - - [13/May/2025 17:28:20] "GET /api/hello HTTP/1.1" 200 -
2025-05-13 17:28:50,962 - INFO - [REQUEST] GET /api/hello | Args: {} | JSON: None
2025-05-13 17:28:50,962 - INFO - [RESPONSE] GET /api/hello | Status: 200 | Time: 0.000s | Response: {'message': 'Hello from Docker!'}
2025-05-13 17:28:50,963 - INFO - 127.0.0.1 - - [13/May/2025 17:28:50] "GET /api/hello HTTP/1.1" 200 -
2025-05-13 17:29:28,044 - INFO - Adding job tentatively -- it will be properly scheduled when the scheduler starts
2025-05-13 17:29:28,046 - INFO - Added job "scheduled_stock_fetch" to job store "default"
2025-05-13 17:29:28,046 - INFO - Scheduler started
2025-05-13 17:29:28,049 - INFO - [31m[1mWARNING: This is a development server. Do not use it in a production deployment. Use a production WSGI server instead.[0m
 * Running on all addresses (0.0.0.0)
 * Running on http://127.0.0.1:8000
 * Running on http://172.30.0.2:8000
2025-05-13 17:29:28,049 - INFO - [33mPress CTRL+C to quit[0m
2025-05-13 17:29:57,575 - INFO - [REQUEST] GET /api/hello | Args: {} | JSON: None
2025-05-13 17:29:57,575 - INFO - [RESPONSE] GET /api/hello | Status: 200 | Time: 0.000s | Response: {'message': 'Hello from Docker!'}
2025-05-13 17:29:57,576 - INFO - 127.0.0.1 - - [13/May/2025 17:29:57] "GET /api/hello HTTP/1.1" 200 -
2025-05-13 17:30:27,802 - INFO - [REQUEST] GET /api/hello | Args: {} | JSON: None
2025-05-13 17:30:27,803 - INFO - [RESPONSE] GET /api/hello | Status: 200 | Time: 0.000s | Response: {'message': 'Hello from Docker!'}
2025-05-13 17:30:27,803 - INFO - 127.0.0.1 - - [13/May/2025 17:30:27] "GET /api/hello HTTP/1.1" 200 -
2025-05-13 17:30:58,017 - INFO - [REQUEST] GET /api/hello | Args: {} | JSON: None
2025-05-13 17:30:58,017 - INFO - [RESPONSE] GET /api/hello | Status: 200 | Time: 0.001s | Response: {'message': 'Hello from Docker!'}
2025-05-13 17:30:58,018 - INFO - 127.0.0.1 - - [13/May/2025 17:30:58] "GET /api/hello HTTP/1.1" 200 -
2025-05-13 17:31:28,201 - INFO - [REQUEST] GET /api/hello | Args: {} | JSON: None
2025-05-13 17:31:28,201 - INFO - [RESPONSE] GET /api/hello | Status: 200 | Time: 0.001s | Response: {'message': 'Hello from Docker!'}
2025-05-13 17:31:28,202 - INFO - 127.0.0.1 - - [13/May/2025 17:31:28] "GET /api/hello HTTP/1.1" 200 -
2025-05-13 17:31:58,377 - INFO - [REQUEST] GET /api/hello | Args: {} | JSON: None
2025-05-13 17:31:58,378 - INFO - [RESPONSE] GET /api/hello | Status: 200 | Time: 0.001s | Response: {'message': 'Hello from Docker!'}
2025-05-13 17:31:58,378 - INFO - 127.0.0.1 - - [13/May/2025 17:31:58] "GET /api/hello HTTP/1.1" 200 -
2025-05-13 17:32:28,584 - INFO - [REQUEST] GET /api/hello | Args: {} | JSON: None
2025-05-13 17:32:28,585 - INFO - [RESPONSE] GET /api/hello | Status: 200 | Time: 0.001s | Response: {'message': 'Hello from Docker!'}
2025-05-13 17:32:28,585 - INFO - 127.0.0.1 - - [13/May/2025 17:32:28] "GET /api/hello HTTP/1.1" 200 -
2025-05-13 17:32:58,764 - INFO - [REQUEST] GET /api/hello | Args: {} | JSON: None
2025-05-13 17:32:58,764 - INFO - [RESPONSE] GET /api/hello | Status: 200 | Time: 0.000s | Response: {'message': 'Hello from Docker!'}
2025-05-13 17:32:58,765 - INFO - 127.0.0.1 - - [13/May/2025 17:32:58] "GET /api/hello HTTP/1.1" 200 -
2025-05-13 17:33:28,983 - INFO - [REQUEST] GET /api/hello | Args: {} | JSON: None
2025-05-13 17:33:28,983 - INFO - [RESPONSE] GET /api/hello | Status: 200 | Time: 0.001s | Response: {'message': 'Hello from Docker!'}
2025-05-13 17:33:28,984 - INFO - 127.0.0.1 - - [13/May/2025 17:33:28] "GET /api/hello HTTP/1.1" 200 -
2025-05-13 17:33:59,196 - INFO - [REQUEST] GET /api/hello | Args: {} | JSON: None
2025-05-13 17:33:59,197 - INFO - [RESPONSE] GET /api/hello | Status: 200 | Time: 0.000s | Response: {'message': 'Hello from Docker!'}
2025-05-13 17:33:59,197 - INFO - 127.0.0.1 - - [13/May/2025 17:33:59] "GET /api/hello HTTP/1.1" 200 -
2025-05-13 17:34:29,396 - INFO - [REQUEST] GET /api/hello | Args: {} | JSON: None
2025-05-13 17:34:29,396 - INFO - [RESPONSE] GET /api/hello | Status: 200 | Time: 0.000s | Response: {'message': 'Hello from Docker!'}
2025-05-13 17:34:29,397 - INFO - 127.0.0.1 - - [13/May/2025 17:34:29] "GET /api/hello HTTP/1.1" 200 -
2025-05-13 17:34:59,616 - INFO - [REQUEST] GET /api/hello | Args: {} | JSON: None
2025-05-13 17:34:59,617 - INFO - [RESPONSE] GET /api/hello | Status: 200 | Time: 0.000s | Response: {'message': 'Hello from Docker!'}
2025-05-13 17:34:59,617 - INFO - 127.0.0.1 - - [13/May/2025 17:34:59] "GET /api/hello HTTP/1.1" 200 -
2025-05-13 17:35:29,851 - INFO - [REQUEST] GET /api/hello | Args: {} | JSON: None
2025-05-13 17:35:29,851 - INFO - [RESPONSE] GET /api/hello | Status: 200 | Time: 0.000s | Response: {'message': 'Hello from Docker!'}
2025-05-13 17:35:29,852 - INFO - 127.0.0.1 - - [13/May/2025 17:35:29] "GET /api/hello HTTP/1.1" 200 -
2025-05-13 17:36:00,054 - INFO - [REQUEST] GET /api/hello | Args: {} | JSON: None
2025-05-13 17:36:00,055 - INFO - [RESPONSE] GET /api/hello | Status: 200 | Time: 0.000s | Response: {'message': 'Hello from Docker!'}
2025-05-13 17:36:00,055 - INFO - 127.0.0.1 - - [13/May/2025 17:36:00] "GET /api/hello HTTP/1.1" 200 -
2025-05-13 17:36:30,240 - INFO - [REQUEST] GET /api/hello | Args: {} | JSON: None
2025-05-13 17:36:30,240 - INFO - [RESPONSE] GET /api/hello | Status: 200 | Time: 0.000s | Response: {'message': 'Hello from Docker!'}
2025-05-13 17:36:30,241 - INFO - 127.0.0.1 - - [13/May/2025 17:36:30] "GET /api/hello HTTP/1.1" 200 -
2025-05-13 17:37:00,440 - INFO - [REQUEST] GET /api/hello | Args: {} | JSON: None
2025-05-13 17:37:00,441 - INFO - [RESPONSE] GET /api/hello | Status: 200 | Time: 0.001s | Response: {'message': 'Hello from Docker!'}
2025-05-13 17:37:00,442 - INFO - 127.0.0.1 - - [13/May/2025 17:37:00] "GET /api/hello HTTP/1.1" 200 -
2025-05-13 17:37:10,577 - INFO - Adding job tentatively -- it will be properly scheduled when the scheduler starts
2025-05-13 17:37:10,579 - INFO - Added job "scheduled_stock_fetch" to job store "default"
2025-05-13 17:37:10,579 - INFO - Scheduler started
2025-05-13 17:37:10,581 - INFO - [31m[1mWARNING: This is a development server. Do not use it in a production deployment. Use a production WSGI server instead.[0m
 * Running on all addresses (0.0.0.0)
 * Running on http://127.0.0.1:8000
 * Running on http://172.30.0.2:8000
2025-05-13 17:37:10,582 - INFO - [33mPress CTRL+C to quit[0m
2025-05-13 17:37:40,049 - INFO - [REQUEST] GET /api/hello | Args: {} | JSON: None
2025-05-13 17:37:40,050 - INFO - [RESPONSE] GET /api/hello | Status: 200 | Time: 0.001s | Response: {'message': 'Hello from Docker!'}
2025-05-13 17:37:40,050 - INFO - 127.0.0.1 - - [13/May/2025 17:37:40] "GET /api/hello HTTP/1.1" 200 -
2025-05-13 17:38:10,254 - INFO - [REQUEST] GET /api/hello | Args: {} | JSON: None
2025-05-13 17:38:10,254 - INFO - [RESPONSE] GET /api/hello | Status: 200 | Time: 0.000s | Response: {'message': 'Hello from Docker!'}
2025-05-13 17:38:10,255 - INFO - 127.0.0.1 - - [13/May/2025 17:38:10] "GET /api/hello HTTP/1.1" 200 -
2025-05-13 17:38:40,457 - INFO - [REQUEST] GET /api/hello | Args: {} | JSON: None
2025-05-13 17:38:40,457 - INFO - [RESPONSE] GET /api/hello | Status: 200 | Time: 0.001s | Response: {'message': 'Hello from Docker!'}
2025-05-13 17:38:40,458 - INFO - 127.0.0.1 - - [13/May/2025 17:38:40] "GET /api/hello HTTP/1.1" 200 -
2025-05-13 17:39:10,656 - INFO - [REQUEST] GET /api/hello | Args: {} | JSON: None
2025-05-13 17:39:10,656 - INFO - [RESPONSE] GET /api/hello | Status: 200 | Time: 0.000s | Response: {'message': 'Hello from Docker!'}
2025-05-13 17:39:10,657 - INFO - 127.0.0.1 - - [13/May/2025 17:39:10] "GET /api/hello HTTP/1.1" 200 -
2025-05-13 17:39:40,835 - INFO - [REQUEST] GET /api/hello | Args: {} | JSON: None
2025-05-13 17:39:40,836 - INFO - [RESPONSE] GET /api/hello | Status: 200 | Time: 0.001s | Response: {'message': 'Hello from Docker!'}
2025-05-13 17:39:40,836 - INFO - 127.0.0.1 - - [13/May/2025 17:39:40] "GET /api/hello HTTP/1.1" 200 -
2025-05-13 17:40:11,044 - INFO - [REQUEST] GET /api/hello | Args: {} | JSON: None
2025-05-13 17:40:11,044 - INFO - [RESPONSE] GET /api/hello | Status: 200 | Time: 0.000s | Response: {'message': 'Hello from Docker!'}
2025-05-13 17:40:11,045 - INFO - 127.0.0.1 - - [13/May/2025 17:40:11] "GET /api/hello HTTP/1.1" 200 -
2025-05-13 17:40:41,279 - INFO - [REQUEST] GET /api/hello | Args: {} | JSON: None
2025-05-13 17:40:41,279 - INFO - [RESPONSE] GET /api/hello | Status: 200 | Time: 0.000s | Response: {'message': 'Hello from Docker!'}
2025-05-13 17:40:41,280 - INFO - 127.0.0.1 - - [13/May/2025 17:40:41] "GET /api/hello HTTP/1.1" 200 -
2025-05-13 17:41:11,461 - INFO - [REQUEST] GET /api/hello | Args: {} | JSON: None
2025-05-13 17:41:11,462 - INFO - [RESPONSE] GET /api/hello | Status: 200 | Time: 0.000s | Response: {'message': 'Hello from Docker!'}
2025-05-13 17:41:11,462 - INFO - 127.0.0.1 - - [13/May/2025 17:41:11] "GET /api/hello HTTP/1.1" 200 -
2025-05-13 17:41:41,671 - INFO - [REQUEST] GET /api/hello | Args: {} | JSON: None
2025-05-13 17:41:41,671 - INFO - [RESPONSE] GET /api/hello | Status: 200 | Time: 0.000s | Response: {'message': 'Hello from Docker!'}
2025-05-13 17:41:41,671 - INFO - 127.0.0.1 - - [13/May/2025 17:41:41] "GET /api/hello HTTP/1.1" 200 -
2025-05-13 17:42:11,885 - INFO - [REQUEST] GET /api/hello | Args: {} | JSON: None
2025-05-13 17:42:11,885 - INFO - [RESPONSE] GET /api/hello | Status: 200 | Time: 0.001s | Response: {'message': 'Hello from Docker!'}
2025-05-13 17:42:11,886 - INFO - 127.0.0.1 - - [13/May/2025 17:42:11] "GET /api/hello HTTP/1.1" 200 -
2025-05-13 17:42:42,088 - INFO - [REQUEST] GET /api/hello | Args: {} | JSON: None
2025-05-13 17:42:42,089 - INFO - [RESPONSE] GET /api/hello | Status: 200 | Time: 0.000s | Response: {'message': 'Hello from Docker!'}
2025-05-13 17:42:42,089 - INFO - 127.0.0.1 - - [13/May/2025 17:42:42] "GET /api/hello HTTP/1.1" 200 -
2025-05-13 17:43:12,284 - INFO - [REQUEST] GET /api/hello | Args: {} | JSON: None
2025-05-13 17:43:12,285 - INFO - [RESPONSE] GET /api/hello | Status: 200 | Time: 0.001s | Response: {'message': 'Hello from Docker!'}
2025-05-13 17:43:12,286 - INFO - 127.0.0.1 - - [13/May/2025 17:43:12] "GET /api/hello HTTP/1.1" 200 -
2025-05-13 17:43:42,484 - INFO - [REQUEST] GET /api/hello | Args: {} | JSON: None
2025-05-13 17:43:42,484 - INFO - [RESPONSE] GET /api/hello | Status: 200 | Time: 0.000s | Response: {'message': 'Hello from Docker!'}
2025-05-13 17:43:42,485 - INFO - 127.0.0.1 - - [13/May/2025 17:43:42] "GET /api/hello HTTP/1.1" 200 -
2025-05-13 17:44:12,679 - INFO - [REQUEST] GET /api/hello | Args: {} | JSON: None
2025-05-13 17:44:12,679 - INFO - [RESPONSE] GET /api/hello | Status: 200 | Time: 0.000s | Response: {'message': 'Hello from Docker!'}
2025-05-13 17:44:12,680 - INFO - 127.0.0.1 - - [13/May/2025 17:44:12] "GET /api/hello HTTP/1.1" 200 -
2025-05-13 17:44:42,937 - INFO - [REQUEST] GET /api/hello | Args: {} | JSON: None
2025-05-13 17:44:42,937 - INFO - [RESPONSE] GET /api/hello | Status: 200 | Time: 0.001s | Response: {'message': 'Hello from Docker!'}
2025-05-13 17:44:42,938 - INFO - 127.0.0.1 - - [13/May/2025 17:44:42] "GET /api/hello HTTP/1.1" 200 -
2025-05-13 17:45:13,132 - INFO - [REQUEST] GET /api/hello | Args: {} | JSON: None
2025-05-13 17:45:13,132 - INFO - [RESPONSE] GET /api/hello | Status: 200 | Time: 0.000s | Response: {'message': 'Hello from Docker!'}
2025-05-13 17:45:13,133 - INFO - 127.0.0.1 - - [13/May/2025 17:45:13] "GET /api/hello HTTP/1.1" 200 -
2025-05-13 17:45:43,322 - INFO - [REQUEST] GET /api/hello | Args: {} | JSON: None
2025-05-13 17:45:43,322 - INFO - [RESPONSE] GET /api/hello | Status: 200 | Time: 0.000s | Response: {'message': 'Hello from Docker!'}
2025-05-13 17:45:43,323 - INFO - 127.0.0.1 - - [13/May/2025 17:45:43] "GET /api/hello HTTP/1.1" 200 -
2025-05-13 17:46:13,520 - INFO - [REQUEST] GET /api/hello | Args: {} | JSON: None
2025-05-13 17:46:13,520 - INFO - [RESPONSE] GET /api/hello | Status: 200 | Time: 0.000s | Response: {'message': 'Hello from Docker!'}
2025-05-13 17:46:13,520 - INFO - 127.0.0.1 - - [13/May/2025 17:46:13] "GET /api/hello HTTP/1.1" 200 -
2025-05-13 17:46:43,732 - INFO - [REQUEST] GET /api/hello | Args: {} | JSON: None
2025-05-13 17:46:43,732 - INFO - [RESPONSE] GET /api/hello | Status: 200 | Time: 0.001s | Response: {'message': 'Hello from Docker!'}
2025-05-13 17:46:43,733 - INFO - 127.0.0.1 - - [13/May/2025 17:46:43] "GET /api/hello HTTP/1.1" 200 -
2025-05-13 17:47:13,917 - INFO - [REQUEST] GET /api/hello | Args: {} | JSON: None
2025-05-13 17:47:13,918 - INFO - [RESPONSE] GET /api/hello | Status: 200 | Time: 0.001s | Response: {'message': 'Hello from Docker!'}
2025-05-13 17:47:13,918 - INFO - 127.0.0.1 - - [13/May/2025 17:47:13] "GET /api/hello HTTP/1.1" 200 -
2025-05-13 17:47:33,585 - INFO - Adding job tentatively -- it will be properly scheduled when the scheduler starts
2025-05-13 17:47:33,587 - INFO - Added job "scheduled_stock_fetch" to job store "default"
2025-05-13 17:47:33,587 - INFO - Scheduler started
2025-05-13 17:47:33,589 - INFO - [31m[1mWARNING: This is a development server. Do not use it in a production deployment. Use a production WSGI server instead.[0m
 * Running on all addresses (0.0.0.0)
 * Running on http://127.0.0.1:8000
 * Running on http://172.30.0.2:8000
2025-05-13 17:47:33,590 - INFO - [33mPress CTRL+C to quit[0m
2025-05-13 17:48:03,088 - INFO - [REQUEST] GET /api/hello | Args: {} | JSON: None
2025-05-13 17:48:03,089 - INFO - [RESPONSE] GET /api/hello | Status: 200 | Time: 0.000s | Response: {'message': 'Hello from Docker!'}
2025-05-13 17:48:03,089 - INFO - 127.0.0.1 - - [13/May/2025 17:48:03] "GET /api/hello HTTP/1.1" 200 -
2025-05-13 17:48:33,284 - INFO - [REQUEST] GET /api/hello | Args: {} | JSON: None
2025-05-13 17:48:33,284 - INFO - [RESPONSE] GET /api/hello | Status: 200 | Time: 0.000s | Response: {'message': 'Hello from Docker!'}
2025-05-13 17:48:33,284 - INFO - 127.0.0.1 - - [13/May/2025 17:48:33] "GET /api/hello HTTP/1.1" 200 -
2025-05-13 17:49:03,487 - INFO - [REQUEST] GET /api/hello | Args: {} | JSON: None
2025-05-13 17:49:03,488 - INFO - [RESPONSE] GET /api/hello | Status: 200 | Time: 0.000s | Response: {'message': 'Hello from Docker!'}
2025-05-13 17:49:03,488 - INFO - 127.0.0.1 - - [13/May/2025 17:49:03] "GET /api/hello HTTP/1.1" 200 -
2025-05-13 17:49:33,679 - INFO - [REQUEST] GET /api/hello | Args: {} | JSON: None
2025-05-13 17:49:33,679 - INFO - [RESPONSE] GET /api/hello | Status: 200 | Time: 0.000s | Response: {'message': 'Hello from Docker!'}
2025-05-13 17:49:33,679 - INFO - 127.0.0.1 - - [13/May/2025 17:49:33] "GET /api/hello HTTP/1.1" 200 -
2025-05-13 17:50:03,879 - INFO - [REQUEST] GET /api/hello | Args: {} | JSON: None
2025-05-13 17:50:03,879 - INFO - [RESPONSE] GET /api/hello | Status: 200 | Time: 0.001s | Response: {'message': 'Hello from Docker!'}
2025-05-13 17:50:03,880 - INFO - 127.0.0.1 - - [13/May/2025 17:50:03] "GET /api/hello HTTP/1.1" 200 -
2025-05-13 17:50:34,081 - INFO - [REQUEST] GET /api/hello | Args: {} | JSON: None
2025-05-13 17:50:34,081 - INFO - [RESPONSE] GET /api/hello | Status: 200 | Time: 0.000s | Response: {'message': 'Hello from Docker!'}
2025-05-13 17:50:34,081 - INFO - 127.0.0.1 - - [13/May/2025 17:50:34] "GET /api/hello HTTP/1.1" 200 -
2025-05-13 17:51:04,386 - INFO - [REQUEST] GET /api/hello | Args: {} | JSON: None
2025-05-13 17:51:04,387 - INFO - [RESPONSE] GET /api/hello | Status: 200 | Time: 0.000s | Response: {'message': 'Hello from Docker!'}
2025-05-13 17:51:04,387 - INFO - 127.0.0.1 - - [13/May/2025 17:51:04] "GET /api/hello HTTP/1.1" 200 -
2025-05-13 17:51:14,080 - INFO - Adding job tentatively -- it will be properly scheduled when the scheduler starts
2025-05-13 17:51:14,082 - INFO - Added job "scheduled_stock_fetch" to job store "default"
2025-05-13 17:51:14,082 - INFO - Scheduler started
2025-05-13 17:51:14,084 - INFO - [31m[1mWARNING: This is a development server. Do not use it in a production deployment. Use a production WSGI server instead.[0m
 * Running on all addresses (0.0.0.0)
 * Running on http://127.0.0.1:8000
 * Running on http://172.30.0.2:8000
2025-05-13 17:51:14,084 - INFO - [33mPress CTRL+C to quit[0m
2025-05-13 17:51:43,547 - INFO - [REQUEST] GET /api/hello | Args: {} | JSON: None
2025-05-13 17:51:43,548 - INFO - [RESPONSE] GET /api/hello | Status: 200 | Time: 0.001s | Response: {'message': 'Hello from Docker!'}
2025-05-13 17:51:43,548 - INFO - 127.0.0.1 - - [13/May/2025 17:51:43] "GET /api/hello HTTP/1.1" 200 -
2025-05-13 17:52:13,744 - INFO - [REQUEST] GET /api/hello | Args: {} | JSON: None
2025-05-13 17:52:13,744 - INFO - [RESPONSE] GET /api/hello | Status: 200 | Time: 0.000s | Response: {'message': 'Hello from Docker!'}
2025-05-13 17:52:13,744 - INFO - 127.0.0.1 - - [13/May/2025 17:52:13] "GET /api/hello HTTP/1.1" 200 -
